2025-02-10 00:10:29 INFO  LoggingAspect:19 - Executin method: getAllCategories
2025-02-10 00:10:29 INFO  LoggingAspect:25 - Finished executing method: getAllCategories
2025-02-10 00:10:34 INFO  LoggingAspect:19 - Executin method: getAllSubcategories
2025-02-10 00:10:34 INFO  LoggingAspect:25 - Finished executing method: getAllSubcategories
2025-02-10 00:10:36 INFO  LoggingAspect:19 - Executin method: getAllTours
2025-02-10 00:10:36 INFO  LoggingAspect:25 - Finished executing method: getAllTours
2025-02-10 00:11:17 INFO  LoggingAspect:19 - Executin method: getItenaryMasterById
2025-02-10 00:11:17 INFO  LoggingAspect:19 - Executin method: getDepartureDatesByTourId
2025-02-10 00:11:17 INFO  LoggingAspect:25 - Finished executing method: getDepartureDatesByTourId
2025-02-10 00:11:17 INFO  LoggingAspect:25 - Finished executing method: getItenaryMasterById
2025-02-10 00:12:31 INFO  LoggingAspect:19 - Executin method: getCustomerDetails
2025-02-10 00:12:31 INFO  LoggingAspect:25 - Finished executing method: getCustomerDetails
2025-02-10 00:12:31 INFO  LoggingAspect:19 - Executin method: getBookingCost
2025-02-10 00:12:31 INFO  LoggingAspect:25 - Finished executing method: getBookingCost
2025-02-10 00:49:02 INFO  LoggingAspect:19 - Executin method: getAllCategories
2025-02-10 00:49:02 INFO  LoggingAspect:25 - Finished executing method: getAllCategories
2025-02-10 00:51:50 INFO  LoggingAspect:19 - Executin method: getAllSubcategories
2025-02-10 00:51:50 INFO  LoggingAspect:25 - Finished executing method: getAllSubcategories
2025-02-10 00:51:52 INFO  LoggingAspect:19 - Executin method: getAllTours
2025-02-10 00:51:52 INFO  LoggingAspect:25 - Finished executing method: getAllTours
2025-02-10 00:51:53 INFO  LoggingAspect:19 - Executin method: getItenaryMasterById
2025-02-10 00:51:53 INFO  LoggingAspect:19 - Executin method: getDepartureDatesByTourId
2025-02-10 00:51:53 INFO  LoggingAspect:25 - Finished executing method: getDepartureDatesByTourId
2025-02-10 00:51:53 INFO  LoggingAspect:25 - Finished executing method: getItenaryMasterById
2025-02-10 00:51:59 INFO  LoggingAspect:19 - Executin method: getCustomerDetails
2025-02-10 00:51:59 INFO  LoggingAspect:25 - Finished executing method: getCustomerDetails
2025-02-10 00:51:59 INFO  LoggingAspect:19 - Executin method: getBookingCost
2025-02-10 00:51:59 INFO  LoggingAspect:25 - Finished executing method: getBookingCost
2025-02-10 00:53:04 INFO  LoggingAspect:19 - Executin method: getBookingCost
2025-02-10 00:53:05 INFO  LoggingAspect:25 - Finished executing method: getBookingCost
2025-02-10 00:53:07 INFO  LoggingAspect:19 - Executin method: getBookingCost
2025-02-10 00:53:07 INFO  LoggingAspect:25 - Finished executing method: getBookingCost
2025-02-10 00:53:59 INFO  LoggingAspect:19 - Executin method: getBookingCost
2025-02-10 00:53:59 INFO  LoggingAspect:25 - Finished executing method: getBookingCost
2025-02-10 00:54:01 INFO  LoggingAspect:19 - Executin method: getBookingCost
2025-02-10 00:54:01 INFO  LoggingAspect:25 - Finished executing method: getBookingCost
2025-02-10 00:54:10 INFO  LoggingAspect:19 - Executin method: getBookingCost
2025-02-10 00:54:10 INFO  LoggingAspect:25 - Finished executing method: getBookingCost
2025-02-10 00:54:11 INFO  LoggingAspect:19 - Executin method: getBookingCost
2025-02-10 00:54:11 INFO  LoggingAspect:25 - Finished executing method: getBookingCost
2025-02-10 00:54:13 INFO  LoggingAspect:19 - Executin method: getBookingCost
2025-02-10 00:54:13 INFO  LoggingAspect:25 - Finished executing method: getBookingCost
2025-02-10 00:54:19 INFO  LoggingAspect:19 - Executin method: getBookingCost
2025-02-10 00:54:19 INFO  LoggingAspect:25 - Finished executing method: getBookingCost
2025-02-10 00:54:24 INFO  LoggingAspect:19 - Executin method: getBookingCost
2025-02-10 00:54:24 INFO  LoggingAspect:25 - Finished executing method: getBookingCost
2025-02-10 00:54:29 INFO  LoggingAspect:19 - Executin method: getBookingCost
2025-02-10 00:54:29 INFO  LoggingAspect:25 - Finished executing method: getBookingCost
2025-02-10 00:54:40 INFO  LoggingAspect:19 - Executin method: getBookingCost
2025-02-10 00:54:40 INFO  LoggingAspect:25 - Finished executing method: getBookingCost
2025-02-10 00:54:51 INFO  LoggingAspect:19 - Executin method: getBookingCost
2025-02-10 00:54:51 INFO  LoggingAspect:25 - Finished executing method: getBookingCost
2025-02-10 00:54:54 INFO  LoggingAspect:19 - Executin method: getBookingCost
2025-02-10 00:54:54 INFO  LoggingAspect:25 - Finished executing method: getBookingCost
2025-02-10 00:54:56 INFO  LoggingAspect:19 - Executin method: getBookingCost
2025-02-10 00:54:56 INFO  LoggingAspect:25 - Finished executing method: getBookingCost
2025-02-10 00:59:36 INFO  LoggingAspect:19 - Executin method: getBookingCost
2025-02-10 00:59:36 INFO  LoggingAspect:25 - Finished executing method: getBookingCost
2025-02-10 01:00:07 INFO  LoggingAspect:19 - Executin method: getAllCategories
2025-02-10 01:00:07 INFO  LoggingAspect:25 - Finished executing method: getAllCategories
2025-02-10 01:00:12 INFO  LoggingAspect:19 - Executin method: getAllSubcategories
2025-02-10 01:00:12 INFO  LoggingAspect:25 - Finished executing method: getAllSubcategories
2025-02-10 01:00:14 INFO  LoggingAspect:19 - Executin method: getAllTours
2025-02-10 01:00:14 INFO  LoggingAspect:25 - Finished executing method: getAllTours
2025-02-10 01:00:15 INFO  LoggingAspect:19 - Executin method: getItenaryMasterById
2025-02-10 01:00:15 INFO  LoggingAspect:19 - Executin method: getDepartureDatesByTourId
2025-02-10 01:00:15 INFO  LoggingAspect:25 - Finished executing method: getDepartureDatesByTourId
2025-02-10 01:00:15 INFO  LoggingAspect:25 - Finished executing method: getItenaryMasterById
2025-02-10 01:00:17 INFO  LoggingAspect:19 - Executin method: getAllTours
2025-02-10 01:00:17 INFO  LoggingAspect:25 - Finished executing method: getAllTours
2025-02-10 01:00:45 INFO  LoggingAspect:19 - Executin method: getItenaryMasterById
2025-02-10 01:00:45 INFO  LoggingAspect:19 - Executin method: getDepartureDatesByTourId
2025-02-10 01:00:45 INFO  LoggingAspect:25 - Finished executing method: getItenaryMasterById
2025-02-10 01:00:45 INFO  LoggingAspect:25 - Finished executing method: getDepartureDatesByTourId
2025-02-10 01:01:12 INFO  LoggingAspect:19 - Executin method: getCustomerDetails
2025-02-10 01:01:12 INFO  LoggingAspect:25 - Finished executing method: getCustomerDetails
2025-02-10 01:01:12 INFO  LoggingAspect:19 - Executin method: getBookingCost
2025-02-10 01:01:12 INFO  LoggingAspect:25 - Finished executing method: getBookingCost
2025-02-10 01:01:30 INFO  LoggingAspect:19 - Executin method: getItenaryMasterById
2025-02-10 01:01:30 INFO  LoggingAspect:19 - Executin method: getDepartureDatesByTourId
2025-02-10 01:01:30 INFO  LoggingAspect:25 - Finished executing method: getDepartureDatesByTourId
2025-02-10 01:01:30 INFO  LoggingAspect:25 - Finished executing method: getItenaryMasterById
2025-02-10 01:01:53 INFO  LoggingAspect:19 - Executin method: getDepartureDatesByTourId
2025-02-10 01:01:53 INFO  LoggingAspect:19 - Executin method: getItenaryMasterById
2025-02-10 01:01:53 INFO  LoggingAspect:25 - Finished executing method: getDepartureDatesByTourId
2025-02-10 01:01:53 INFO  LoggingAspect:25 - Finished executing method: getItenaryMasterById
2025-02-10 01:01:59 INFO  LoggingAspect:19 - Executin method: getItenaryMasterById
2025-02-10 01:01:59 INFO  LoggingAspect:19 - Executin method: getDepartureDatesByTourId
2025-02-10 01:01:59 INFO  LoggingAspect:25 - Finished executing method: getDepartureDatesByTourId
2025-02-10 01:01:59 INFO  LoggingAspect:25 - Finished executing method: getItenaryMasterById
2025-02-10 01:03:28 INFO  LoggingAspect:19 - Executin method: getCustomerDetails
2025-02-10 01:03:28 INFO  LoggingAspect:25 - Finished executing method: getCustomerDetails
2025-02-10 01:03:28 INFO  LoggingAspect:19 - Executin method: getBookingCost
2025-02-10 01:03:28 INFO  LoggingAspect:25 - Finished executing method: getBookingCost
2025-02-10 01:08:42 INFO  LoggingAspect:19 - Executin method: getAllCategories
2025-02-10 01:08:42 INFO  LoggingAspect:25 - Finished executing method: getAllCategories
2025-02-10 01:09:08 INFO  LoggingAspect:19 - Executin method: getAllSubcategories
2025-02-10 01:09:08 INFO  LoggingAspect:25 - Finished executing method: getAllSubcategories
2025-02-10 01:09:10 INFO  LoggingAspect:19 - Executin method: getAllTours
2025-02-10 01:09:10 INFO  LoggingAspect:25 - Finished executing method: getAllTours
2025-02-10 01:09:11 INFO  LoggingAspect:19 - Executin method: getItenaryMasterById
2025-02-10 01:09:11 INFO  LoggingAspect:19 - Executin method: getDepartureDatesByTourId
2025-02-10 01:09:11 INFO  LoggingAspect:25 - Finished executing method: getDepartureDatesByTourId
2025-02-10 01:09:11 INFO  LoggingAspect:25 - Finished executing method: getItenaryMasterById
2025-02-10 01:09:15 INFO  LoggingAspect:19 - Executin method: getAllCategories
2025-02-10 01:09:15 INFO  LoggingAspect:25 - Finished executing method: getAllCategories
2025-02-10 01:10:05 INFO  LoggingAspect:19 - Executin method: getAllCategories
2025-02-10 01:10:05 INFO  LoggingAspect:25 - Finished executing method: getAllCategories
2025-02-10 01:10:39 INFO  LoggingAspect:19 - Executin method: getAllSubcategories
2025-02-10 01:10:39 INFO  LoggingAspect:25 - Finished executing method: getAllSubcategories
2025-02-10 01:10:42 INFO  LoggingAspect:19 - Executin method: getAllTours
2025-02-10 01:10:42 INFO  LoggingAspect:25 - Finished executing method: getAllTours
2025-02-10 01:10:43 INFO  LoggingAspect:19 - Executin method: getItenaryMasterById
2025-02-10 01:10:43 INFO  LoggingAspect:19 - Executin method: getDepartureDatesByTourId
2025-02-10 01:10:43 INFO  LoggingAspect:25 - Finished executing method: getItenaryMasterById
2025-02-10 01:10:43 INFO  LoggingAspect:25 - Finished executing method: getDepartureDatesByTourId
2025-02-10 01:11:50 INFO  LoggingAspect:19 - Executin method: getItenaryMasterById
2025-02-10 01:11:50 INFO  LoggingAspect:25 - Finished executing method: getItenaryMasterById
2025-02-10 01:23:03 INFO  LoggingAspect:19 - Executin method: getItenaryMasterById
2025-02-10 01:23:03 INFO  LoggingAspect:25 - Finished executing method: getItenaryMasterById
2025-02-10 01:23:40 INFO  LoggingAspect:19 - Executin method: getItenaryMasterById
2025-02-10 01:23:40 INFO  LoggingAspect:25 - Finished executing method: getItenaryMasterById
2025-02-10 01:28:30 INFO  LoggingAspect:19 - Executin method: getItenaryMasterById
2025-02-10 01:28:30 INFO  LoggingAspect:25 - Finished executing method: getItenaryMasterById
2025-02-10 01:31:41 INFO  LoggingAspect:19 - Executin method: getItenaryMasterById
2025-02-10 01:31:41 INFO  LoggingAspect:25 - Finished executing method: getItenaryMasterById
2025-02-10 01:31:52 INFO  LoggingAspect:19 - Executin method: getItenaryMasterById
2025-02-10 01:31:52 INFO  LoggingAspect:25 - Finished executing method: getItenaryMasterById
2025-02-10 01:31:59 INFO  LoggingAspect:19 - Executin method: getItenaryMasterById
2025-02-10 01:31:59 INFO  LoggingAspect:25 - Finished executing method: getItenaryMasterById
2025-02-10 01:32:00 INFO  LoggingAspect:19 - Executin method: getItenaryMasterById
2025-02-10 01:32:00 INFO  LoggingAspect:25 - Finished executing method: getItenaryMasterById
2025-02-10 01:32:02 INFO  LoggingAspect:19 - Executin method: getItenaryMasterById
2025-02-10 01:32:02 INFO  LoggingAspect:25 - Finished executing method: getItenaryMasterById
2025-02-10 01:32:11 INFO  LoggingAspect:19 - Executin method: getItenaryMasterById
2025-02-10 01:32:11 INFO  LoggingAspect:25 - Finished executing method: getItenaryMasterById
2025-02-10 01:32:22 INFO  LoggingAspect:19 - Executin method: getItenaryMasterById
2025-02-10 01:32:22 INFO  LoggingAspect:25 - Finished executing method: getItenaryMasterById
2025-02-10 01:32:24 INFO  LoggingAspect:19 - Executin method: getItenaryMasterById
2025-02-10 01:32:24 INFO  LoggingAspect:25 - Finished executing method: getItenaryMasterById
2025-02-10 01:32:49 INFO  LoggingAspect:19 - Executin method: getItenaryMasterById
2025-02-10 01:32:49 INFO  LoggingAspect:25 - Finished executing method: getItenaryMasterById
2025-02-10 01:34:09 INFO  LoggingAspect:19 - Executin method: getItenaryMasterById
2025-02-10 01:34:09 INFO  LoggingAspect:25 - Finished executing method: getItenaryMasterById
2025-02-10 01:34:16 INFO  LoggingAspect:19 - Executin method: getItenaryMasterById
2025-02-10 01:34:16 INFO  LoggingAspect:25 - Finished executing method: getItenaryMasterById
2025-02-10 01:35:04 INFO  LoggingAspect:19 - Executin method: getItenaryMasterById
2025-02-10 01:35:04 INFO  LoggingAspect:25 - Finished executing method: getItenaryMasterById
2025-02-10 01:35:05 INFO  LoggingAspect:19 - Executin method: getCustomerDetails
2025-02-10 01:35:06 INFO  LoggingAspect:25 - Finished executing method: getCustomerDetails
2025-02-10 01:35:06 INFO  LoggingAspect:19 - Executin method: getBookingCost
2025-02-10 01:35:06 INFO  LoggingAspect:25 - Finished executing method: getBookingCost
2025-02-10 01:35:07 INFO  LoggingAspect:19 - Executin method: getItenaryMasterById
2025-02-10 01:35:07 INFO  LoggingAspect:19 - Executin method: getDepartureDatesByTourId
2025-02-10 01:35:07 INFO  LoggingAspect:25 - Finished executing method: getItenaryMasterById
2025-02-10 01:35:07 INFO  LoggingAspect:25 - Finished executing method: getDepartureDatesByTourId
2025-02-10 01:35:11 INFO  LoggingAspect:19 - Executin method: getItenaryMasterById
2025-02-10 01:35:11 INFO  LoggingAspect:25 - Finished executing method: getItenaryMasterById
2025-02-10 01:35:14 INFO  LoggingAspect:19 - Executin method: getItenaryMasterById
2025-02-10 01:35:14 INFO  LoggingAspect:25 - Finished executing method: getItenaryMasterById
2025-02-10 01:35:30 INFO  LoggingAspect:19 - Executin method: getItenaryMasterById
2025-02-10 01:35:30 INFO  LoggingAspect:19 - Executin method: getDepartureDatesByTourId
2025-02-10 01:35:30 INFO  LoggingAspect:25 - Finished executing method: getItenaryMasterById
2025-02-10 01:35:30 INFO  LoggingAspect:25 - Finished executing method: getDepartureDatesByTourId
2025-02-10 01:35:48 INFO  LoggingAspect:19 - Executin method: getItenaryMasterById
2025-02-10 01:35:48 INFO  LoggingAspect:19 - Executin method: getDepartureDatesByTourId
2025-02-10 01:35:48 INFO  LoggingAspect:25 - Finished executing method: getDepartureDatesByTourId
2025-02-10 01:35:48 INFO  LoggingAspect:25 - Finished executing method: getItenaryMasterById
2025-02-10 01:36:09 INFO  LoggingAspect:19 - Executin method: getItenaryMasterById
2025-02-10 01:36:09 INFO  LoggingAspect:25 - Finished executing method: getItenaryMasterById
2025-02-10 01:39:11 INFO  LoggingAspect:19 - Executin method: getItenaryMasterById
2025-02-10 01:39:11 INFO  LoggingAspect:25 - Finished executing method: getItenaryMasterById
2025-02-10 01:43:48 INFO  LoggingAspect:19 - Executin method: getItenaryMasterById
2025-02-10 01:43:48 INFO  LoggingAspect:25 - Finished executing method: getItenaryMasterById
2025-02-10 01:56:32 INFO  LoggingAspect:19 - Executin method: getItenaryMasterById
2025-02-10 01:56:32 INFO  LoggingAspect:25 - Finished executing method: getItenaryMasterById
2025-02-10 01:56:40 INFO  LoggingAspect:19 - Executin method: getItenaryMasterById
2025-02-10 01:56:40 INFO  LoggingAspect:25 - Finished executing method: getItenaryMasterById
2025-02-10 01:56:49 INFO  LoggingAspect:19 - Executin method: getItenaryMasterById
2025-02-10 01:56:49 INFO  LoggingAspect:25 - Finished executing method: getItenaryMasterById
2025-02-10 02:04:55 INFO  LoggingAspect:19 - Executin method: getItenaryMasterById
2025-02-10 02:04:55 INFO  LoggingAspect:25 - Finished executing method: getItenaryMasterById
2025-02-10 02:05:23 INFO  LoggingAspect:19 - Executin method: getItenaryMasterById
2025-02-10 02:05:23 INFO  LoggingAspect:25 - Finished executing method: getItenaryMasterById
2025-02-10 02:05:41 INFO  LoggingAspect:19 - Executin method: getItenaryMasterById
2025-02-10 02:05:41 INFO  LoggingAspect:19 - Executin method: getDepartureDatesByTourId
2025-02-10 02:05:41 INFO  LoggingAspect:25 - Finished executing method: getItenaryMasterById
2025-02-10 02:05:41 INFO  LoggingAspect:25 - Finished executing method: getDepartureDatesByTourId
2025-02-10 02:05:51 INFO  LoggingAspect:19 - Executin method: getItenaryMasterById
2025-02-10 02:05:51 INFO  LoggingAspect:25 - Finished executing method: getItenaryMasterById
2025-02-10 02:05:58 INFO  LoggingAspect:19 - Executin method: getItenaryMasterById
2025-02-10 02:05:58 INFO  LoggingAspect:25 - Finished executing method: getItenaryMasterById
2025-02-10 02:06:01 INFO  LoggingAspect:19 - Executin method: getItenaryMasterById
2025-02-10 02:06:01 INFO  LoggingAspect:25 - Finished executing method: getItenaryMasterById
2025-02-10 02:06:39 INFO  LoggingAspect:19 - Executin method: getItenaryMasterById
2025-02-10 02:06:39 INFO  LoggingAspect:25 - Finished executing method: getItenaryMasterById
2025-02-10 02:07:00 INFO  LoggingAspect:19 - Executin method: getItenaryMasterById
2025-02-10 02:07:00 INFO  LoggingAspect:25 - Finished executing method: getItenaryMasterById
2025-02-10 02:11:03 INFO  LoggingAspect:19 - Executin method: getItenaryMasterById
2025-02-10 02:11:03 INFO  LoggingAspect:25 - Finished executing method: getItenaryMasterById
2025-02-10 02:11:06 INFO  LoggingAspect:19 - Executin method: getItenaryMasterById
2025-02-10 02:11:06 INFO  LoggingAspect:25 - Finished executing method: getItenaryMasterById
2025-02-10 02:11:10 INFO  LoggingAspect:19 - Executin method: getItenaryMasterById
2025-02-10 02:11:10 INFO  LoggingAspect:25 - Finished executing method: getItenaryMasterById
2025-02-10 02:11:56 INFO  LoggingAspect:19 - Executin method: getItenaryMasterById
2025-02-10 02:11:56 INFO  LoggingAspect:19 - Executin method: getDepartureDatesByTourId
2025-02-10 02:11:56 INFO  LoggingAspect:25 - Finished executing method: getItenaryMasterById
2025-02-10 02:11:56 INFO  LoggingAspect:25 - Finished executing method: getDepartureDatesByTourId
2025-02-10 02:12:23 INFO  LoggingAspect:19 - Executin method: getItenaryMasterById
2025-02-10 02:12:23 INFO  LoggingAspect:25 - Finished executing method: getItenaryMasterById
2025-02-10 02:12:23 INFO  LoggingAspect:19 - Executin method: getDepartureDatesByTourId
2025-02-10 02:12:23 INFO  LoggingAspect:25 - Finished executing method: getDepartureDatesByTourId
2025-02-10 02:12:42 INFO  LoggingAspect:19 - Executin method: getDepartureDatesByTourId
2025-02-10 02:12:42 INFO  LoggingAspect:19 - Executin method: getItenaryMasterById
2025-02-10 02:12:42 INFO  LoggingAspect:25 - Finished executing method: getItenaryMasterById
2025-02-10 02:12:42 INFO  LoggingAspect:25 - Finished executing method: getDepartureDatesByTourId
2025-02-10 02:12:58 INFO  LoggingAspect:19 - Executin method: getDepartureDatesByTourId
2025-02-10 02:12:58 INFO  LoggingAspect:19 - Executin method: getItenaryMasterById
2025-02-10 02:12:58 INFO  LoggingAspect:25 - Finished executing method: getDepartureDatesByTourId
2025-02-10 02:12:58 INFO  LoggingAspect:25 - Finished executing method: getItenaryMasterById
2025-02-10 02:14:09 INFO  LoggingAspect:19 - Executin method: getAllCategories
2025-02-10 02:14:10 INFO  LoggingAspect:25 - Finished executing method: getAllCategories
2025-02-10 02:25:41 INFO  LoggingAspect:19 - Executin method: getAllIternaries
2025-02-10 02:25:41 INFO  LoggingAspect:25 - Finished executing method: getAllIternaries
2025-02-10 02:32:36 INFO  LoggingAspect:19 - Executin method: getAllIternaries
2025-02-10 02:32:36 INFO  LoggingAspect:25 - Finished executing method: getAllIternaries
2025-02-10 02:34:57 INFO  LoggingAspect:19 - Executin method: getAllIternaries
2025-02-10 02:34:57 INFO  LoggingAspect:25 - Finished executing method: getAllIternaries
2025-02-10 02:35:30 INFO  LoggingAspect:19 - Executin method: getAllIternaries
2025-02-10 02:35:30 INFO  LoggingAspect:25 - Finished executing method: getAllIternaries
2025-02-10 02:40:53 INFO  LoggingAspect:19 - Executin method: getAllIternaries
2025-02-10 02:40:53 INFO  LoggingAspect:25 - Finished executing method: getAllIternaries
2025-02-10 02:43:43 INFO  LoggingAspect:19 - Executin method: getAllSubcategories
2025-02-10 02:43:43 INFO  LoggingAspect:25 - Finished executing method: getAllSubcategories
2025-02-10 02:43:45 INFO  LoggingAspect:19 - Executin method: getAllTours
2025-02-10 02:43:45 INFO  LoggingAspect:25 - Finished executing method: getAllTours
2025-02-10 02:43:46 INFO  LoggingAspect:19 - Executin method: getDepartureDatesByTourId
2025-02-10 02:43:46 INFO  LoggingAspect:19 - Executin method: getItenaryMasterById
2025-02-10 02:43:46 INFO  LoggingAspect:25 - Finished executing method: getItenaryMasterById
2025-02-10 02:43:46 INFO  LoggingAspect:25 - Finished executing method: getDepartureDatesByTourId
2025-02-10 02:44:28 INFO  LoggingAspect:19 - Executin method: getDepartureDatesByTourId
2025-02-10 02:44:28 INFO  LoggingAspect:19 - Executin method: getItenaryMasterById
2025-02-10 02:44:28 INFO  LoggingAspect:25 - Finished executing method: getDepartureDatesByTourId
2025-02-10 02:44:28 INFO  LoggingAspect:25 - Finished executing method: getItenaryMasterById
2025-02-10 02:47:12 INFO  LoggingAspect:19 - Executin method: getAllCategories
2025-02-10 02:47:12 INFO  LoggingAspect:25 - Finished executing method: getAllCategories
2025-02-10 02:50:49 INFO  LoggingAspect:19 - Executin method: getAllCategories
2025-02-10 02:50:49 INFO  LoggingAspect:25 - Finished executing method: getAllCategories
2025-02-10 02:50:52 INFO  LoggingAspect:19 - Executin method: getAllCategories
2025-02-10 02:50:52 INFO  LoggingAspect:25 - Finished executing method: getAllCategories
2025-02-10 02:50:57 INFO  LoggingAspect:19 - Executin method: getAllCategories
2025-02-10 02:50:57 INFO  LoggingAspect:25 - Finished executing method: getAllCategories
2025-02-10 02:51:00 INFO  LoggingAspect:19 - Executin method: getAllCategories
2025-02-10 02:51:00 INFO  LoggingAspect:25 - Finished executing method: getAllCategories
2025-02-10 02:51:12 INFO  LoggingAspect:19 - Executin method: getAllCategories
2025-02-10 02:51:12 INFO  LoggingAspect:25 - Finished executing method: getAllCategories
2025-02-10 02:51:23 INFO  LoggingAspect:19 - Executin method: getAllCategories
2025-02-10 02:51:23 INFO  LoggingAspect:25 - Finished executing method: getAllCategories
2025-02-10 02:52:12 INFO  LoggingAspect:19 - Executin method: getAllCategories
2025-02-10 02:52:12 INFO  LoggingAspect:25 - Finished executing method: getAllCategories
2025-02-10 02:52:18 INFO  LoggingAspect:19 - Executin method: getAllCategories
2025-02-10 02:52:18 INFO  LoggingAspect:25 - Finished executing method: getAllCategories
2025-02-10 02:52:19 INFO  LoggingAspect:19 - Executin method: getAllCategories
2025-02-10 02:52:19 INFO  LoggingAspect:25 - Finished executing method: getAllCategories
2025-02-10 02:52:34 INFO  LoggingAspect:19 - Executin method: getAllCategories
2025-02-10 02:52:34 INFO  LoggingAspect:25 - Finished executing method: getAllCategories
2025-02-10 02:52:38 INFO  LoggingAspect:19 - Executin method: getAllCategories
2025-02-10 02:52:38 INFO  LoggingAspect:25 - Finished executing method: getAllCategories
2025-02-10 02:53:25 INFO  LoggingAspect:19 - Executin method: getAllCategories
2025-02-10 02:53:25 INFO  LoggingAspect:25 - Finished executing method: getAllCategories
2025-02-10 02:53:38 INFO  LoggingAspect:19 - Executin method: getAllCategories
2025-02-10 02:53:38 INFO  LoggingAspect:19 - Executin method: getAllIternaries
2025-02-10 02:53:38 INFO  LoggingAspect:25 - Finished executing method: getAllCategories
2025-02-10 02:53:38 INFO  LoggingAspect:25 - Finished executing method: getAllIternaries
2025-02-10 02:53:53 INFO  LoggingAspect:19 - Executin method: getAllCategories
2025-02-10 02:53:53 INFO  LoggingAspect:19 - Executin method: getAllIternaries
2025-02-10 02:53:53 INFO  LoggingAspect:25 - Finished executing method: getAllCategories
2025-02-10 02:53:53 INFO  LoggingAspect:25 - Finished executing method: getAllIternaries
2025-02-10 02:53:56 INFO  LoggingAspect:19 - Executin method: getAllIternaries
2025-02-10 02:53:56 INFO  LoggingAspect:19 - Executin method: getAllCategories
2025-02-10 02:53:56 INFO  LoggingAspect:25 - Finished executing method: getAllIternaries
2025-02-10 02:53:56 INFO  LoggingAspect:25 - Finished executing method: getAllCategories
2025-02-10 02:54:14 INFO  LoggingAspect:19 - Executin method: getAllCategories
2025-02-10 02:54:14 INFO  LoggingAspect:19 - Executin method: getAllIternaries
2025-02-10 02:54:14 INFO  LoggingAspect:25 - Finished executing method: getAllIternaries
2025-02-10 02:54:14 INFO  LoggingAspect:25 - Finished executing method: getAllCategories
2025-02-10 02:54:15 INFO  LoggingAspect:19 - Executin method: getAllCategories
2025-02-10 02:54:15 INFO  LoggingAspect:19 - Executin method: getAllIternaries
2025-02-10 02:54:15 INFO  LoggingAspect:25 - Finished executing method: getAllCategories
2025-02-10 02:54:15 INFO  LoggingAspect:25 - Finished executing method: getAllIternaries
2025-02-10 02:54:21 INFO  LoggingAspect:19 - Executin method: getAllIternaries
2025-02-10 02:54:21 INFO  LoggingAspect:19 - Executin method: getAllCategories
2025-02-10 02:54:21 INFO  LoggingAspect:25 - Finished executing method: getAllIternaries
2025-02-10 02:54:21 INFO  LoggingAspect:25 - Finished executing method: getAllCategories
2025-02-10 02:54:38 INFO  LoggingAspect:19 - Executin method: getAllCategories
2025-02-10 02:54:38 INFO  LoggingAspect:19 - Executin method: getAllIternaries
2025-02-10 02:54:38 INFO  LoggingAspect:25 - Finished executing method: getAllIternaries
2025-02-10 02:54:38 INFO  LoggingAspect:25 - Finished executing method: getAllCategories
2025-02-10 02:54:40 INFO  LoggingAspect:19 - Executin method: getAllCategories
2025-02-10 02:54:40 INFO  LoggingAspect:19 - Executin method: getAllIternaries
2025-02-10 02:54:40 INFO  LoggingAspect:25 - Finished executing method: getAllIternaries
2025-02-10 02:54:40 INFO  LoggingAspect:25 - Finished executing method: getAllCategories
2025-02-10 02:54:53 INFO  LoggingAspect:19 - Executin method: getAllCategories
2025-02-10 02:54:53 INFO  LoggingAspect:19 - Executin method: getAllIternaries
2025-02-10 02:54:53 INFO  LoggingAspect:25 - Finished executing method: getAllCategories
2025-02-10 02:54:53 INFO  LoggingAspect:25 - Finished executing method: getAllIternaries
2025-02-10 02:54:54 INFO  LoggingAspect:19 - Executin method: getAllCategories
2025-02-10 02:54:54 INFO  LoggingAspect:19 - Executin method: getAllIternaries
2025-02-10 02:54:54 INFO  LoggingAspect:25 - Finished executing method: getAllIternaries
2025-02-10 02:54:54 INFO  LoggingAspect:25 - Finished executing method: getAllCategories
2025-02-10 02:54:58 INFO  LoggingAspect:19 - Executin method: getAllIternaries
2025-02-10 02:54:58 INFO  LoggingAspect:19 - Executin method: getAllCategories
2025-02-10 02:54:58 INFO  LoggingAspect:25 - Finished executing method: getAllCategories
2025-02-10 02:54:58 INFO  LoggingAspect:25 - Finished executing method: getAllIternaries
2025-02-10 02:56:32 INFO  LoggingAspect:19 - Executin method: getAllCategories
2025-02-10 02:56:32 INFO  LoggingAspect:19 - Executin method: getAllIternaries
2025-02-10 02:56:32 INFO  LoggingAspect:25 - Finished executing method: getAllCategories
2025-02-10 02:56:32 INFO  LoggingAspect:25 - Finished executing method: getAllIternaries
2025-02-10 02:57:54 INFO  LoggingAspect:19 - Executin method: getAllCategories
2025-02-10 02:57:54 INFO  LoggingAspect:25 - Finished executing method: getAllCategories
2025-02-10 02:57:56 INFO  LoggingAspect:19 - Executin method: getAllCategories
2025-02-10 02:57:56 INFO  LoggingAspect:19 - Executin method: getAllIternaries
2025-02-10 02:57:56 INFO  LoggingAspect:25 - Finished executing method: getAllIternaries
2025-02-10 02:57:56 INFO  LoggingAspect:25 - Finished executing method: getAllCategories
2025-02-10 02:58:16 INFO  LoggingAspect:19 - Executin method: getDepartureDatesByTourId
2025-02-10 02:58:16 INFO  LoggingAspect:19 - Executin method: getItenaryMasterById
2025-02-10 02:58:16 INFO  LoggingAspect:25 - Finished executing method: getItenaryMasterById
2025-02-10 02:58:16 INFO  LoggingAspect:25 - Finished executing method: getDepartureDatesByTourId
2025-02-10 02:59:44 INFO  LoggingAspect:19 - Executin method: getAllCategories
2025-02-10 02:59:44 INFO  LoggingAspect:19 - Executin method: getAllIternaries
2025-02-10 02:59:44 INFO  LoggingAspect:25 - Finished executing method: getAllIternaries
2025-02-10 02:59:44 INFO  LoggingAspect:25 - Finished executing method: getAllCategories
2025-02-10 03:02:09 INFO  LoggingAspect:19 - Executin method: getAllCategories
2025-02-10 03:02:09 INFO  LoggingAspect:19 - Executin method: getAllIternaries
2025-02-10 03:02:09 INFO  LoggingAspect:25 - Finished executing method: getAllIternaries
2025-02-10 03:02:09 INFO  LoggingAspect:25 - Finished executing method: getAllCategories
2025-02-10 03:02:12 INFO  LoggingAspect:19 - Executin method: getAllCategories
2025-02-10 03:02:12 INFO  LoggingAspect:19 - Executin method: getAllIternaries
2025-02-10 03:02:12 INFO  LoggingAspect:25 - Finished executing method: getAllCategories
2025-02-10 03:02:12 INFO  LoggingAspect:25 - Finished executing method: getAllIternaries
2025-02-10 03:02:14 INFO  LoggingAspect:19 - Executin method: getAllCategories
2025-02-10 03:02:14 INFO  LoggingAspect:19 - Executin method: getAllIternaries
2025-02-10 03:02:14 INFO  LoggingAspect:25 - Finished executing method: getAllIternaries
2025-02-10 03:02:14 INFO  LoggingAspect:25 - Finished executing method: getAllCategories
2025-02-10 03:02:22 INFO  LoggingAspect:19 - Executin method: getAllIternaries
2025-02-10 03:02:22 INFO  LoggingAspect:19 - Executin method: getAllCategories
2025-02-10 03:02:22 INFO  LoggingAspect:25 - Finished executing method: getAllIternaries
2025-02-10 03:02:22 INFO  LoggingAspect:25 - Finished executing method: getAllCategories
2025-02-10 03:02:25 INFO  LoggingAspect:19 - Executin method: getAllIternaries
2025-02-10 03:02:25 INFO  LoggingAspect:19 - Executin method: getAllCategories
2025-02-10 03:02:25 INFO  LoggingAspect:25 - Finished executing method: getAllIternaries
2025-02-10 03:02:25 INFO  LoggingAspect:25 - Finished executing method: getAllCategories
2025-02-10 03:04:01 INFO  LoggingAspect:19 - Executin method: getAllSubcategories
2025-02-10 03:04:01 INFO  LoggingAspect:25 - Finished executing method: getAllSubcategories
2025-02-10 03:04:05 INFO  LoggingAspect:19 - Executin method: getAllTours
2025-02-10 03:04:05 INFO  LoggingAspect:25 - Finished executing method: getAllTours
2025-02-10 03:04:09 INFO  LoggingAspect:19 - Executin method: getDepartureDatesByTourId
2025-02-10 03:04:09 INFO  LoggingAspect:19 - Executin method: getItenaryMasterById
2025-02-10 03:04:09 INFO  LoggingAspect:25 - Finished executing method: getDepartureDatesByTourId
2025-02-10 03:04:09 INFO  LoggingAspect:25 - Finished executing method: getItenaryMasterById
2025-02-10 03:04:17 INFO  LoggingAspect:19 - Executin method: getAllTours
2025-02-10 03:04:17 INFO  LoggingAspect:25 - Finished executing method: getAllTours
2025-02-10 03:04:18 INFO  LoggingAspect:19 - Executin method: getAllSubcategories
2025-02-10 03:04:18 INFO  LoggingAspect:25 - Finished executing method: getAllSubcategories
2025-02-10 03:04:18 INFO  LoggingAspect:19 - Executin method: getAllCategories
2025-02-10 03:04:18 INFO  LoggingAspect:19 - Executin method: getAllIternaries
2025-02-10 03:04:18 INFO  LoggingAspect:25 - Finished executing method: getAllCategories
2025-02-10 03:04:18 INFO  LoggingAspect:25 - Finished executing method: getAllIternaries
2025-02-10 03:04:25 INFO  LoggingAspect:19 - Executin method: getAllCategories
2025-02-10 03:04:25 INFO  LoggingAspect:19 - Executin method: getAllIternaries
2025-02-10 03:04:25 INFO  LoggingAspect:25 - Finished executing method: getAllCategories
2025-02-10 03:04:25 INFO  LoggingAspect:25 - Finished executing method: getAllIternaries
2025-02-10 03:04:35 INFO  LoggingAspect:19 - Executin method: getAllCategories
2025-02-10 03:04:35 INFO  LoggingAspect:19 - Executin method: getAllIternaries
2025-02-10 03:04:35 INFO  LoggingAspect:25 - Finished executing method: getAllCategories
2025-02-10 03:04:35 INFO  LoggingAspect:25 - Finished executing method: getAllIternaries
2025-02-10 03:06:29 INFO  LoggingAspect:19 - Executin method: getAllCategories
2025-02-10 03:06:29 INFO  LoggingAspect:19 - Executin method: getAllIternaries
2025-02-10 03:06:29 INFO  LoggingAspect:25 - Finished executing method: getAllIternaries
2025-02-10 03:06:29 INFO  LoggingAspect:25 - Finished executing method: getAllCategories
2025-02-10 03:06:41 INFO  LoggingAspect:19 - Executin method: getAllCategories
2025-02-10 03:06:41 INFO  LoggingAspect:25 - Finished executing method: getAllCategories
2025-02-10 03:07:16 INFO  LoggingAspect:19 - Executin method: getAllCategories
2025-02-10 03:07:16 INFO  LoggingAspect:25 - Finished executing method: getAllCategories
2025-02-10 03:07:50 INFO  LoggingAspect:19 - Executin method: getAllCategories
2025-02-10 03:07:50 INFO  LoggingAspect:25 - Finished executing method: getAllCategories
2025-02-10 03:08:17 INFO  LoggingAspect:19 - Executin method: getAllCategories
2025-02-10 03:08:17 INFO  LoggingAspect:25 - Finished executing method: getAllCategories
2025-02-10 03:08:33 INFO  LoggingAspect:19 - Executin method: getAllCategories
2025-02-10 03:08:33 INFO  LoggingAspect:25 - Finished executing method: getAllCategories
2025-02-10 03:08:34 INFO  LoggingAspect:19 - Executin method: getAllCategories
2025-02-10 03:08:34 INFO  LoggingAspect:25 - Finished executing method: getAllCategories
2025-02-10 03:08:42 INFO  LoggingAspect:19 - Executin method: getAllCategories
2025-02-10 03:08:42 INFO  LoggingAspect:25 - Finished executing method: getAllCategories
2025-02-10 03:08:44 INFO  LoggingAspect:19 - Executin method: getAllCategories
2025-02-10 03:08:44 INFO  LoggingAspect:25 - Finished executing method: getAllCategories
2025-02-10 03:08:50 INFO  LoggingAspect:19 - Executin method: getAllCategories
2025-02-10 03:08:50 INFO  LoggingAspect:25 - Finished executing method: getAllCategories
2025-02-10 03:09:25 INFO  LoggingAspect:19 - Executin method: getAllCategories
2025-02-10 03:09:25 INFO  LoggingAspect:25 - Finished executing method: getAllCategories
2025-02-10 03:09:44 INFO  LoggingAspect:19 - Executin method: getAllCategories
2025-02-10 03:09:44 INFO  LoggingAspect:25 - Finished executing method: getAllCategories
2025-02-10 03:09:46 INFO  LoggingAspect:19 - Executin method: getAllCategories
2025-02-10 03:09:46 INFO  LoggingAspect:25 - Finished executing method: getAllCategories
2025-02-10 03:09:49 INFO  LoggingAspect:19 - Executin method: getAllCategories
2025-02-10 03:09:49 INFO  LoggingAspect:25 - Finished executing method: getAllCategories
2025-02-10 03:10:27 INFO  LoggingAspect:19 - Executin method: getAllCategories
2025-02-10 03:10:27 INFO  LoggingAspect:25 - Finished executing method: getAllCategories
2025-02-10 03:10:30 INFO  LoggingAspect:19 - Executin method: getAllCategories
2025-02-10 03:10:30 INFO  LoggingAspect:25 - Finished executing method: getAllCategories
2025-02-10 03:10:44 INFO  LoggingAspect:19 - Executin method: getAllSubcategories
2025-02-10 03:10:44 INFO  LoggingAspect:25 - Finished executing method: getAllSubcategories
2025-02-10 03:12:52 INFO  LoggingAspect:19 - Executin method: getAllCategories
2025-02-10 03:12:52 INFO  LoggingAspect:25 - Finished executing method: getAllCategories
2025-02-10 03:13:39 INFO  LoggingAspect:19 - Executin method: getAllSubcategories
2025-02-10 03:13:39 INFO  LoggingAspect:25 - Finished executing method: getAllSubcategories
2025-02-10 03:13:43 INFO  LoggingAspect:19 - Executin method: getAllTours
2025-02-10 03:13:43 INFO  LoggingAspect:25 - Finished executing method: getAllTours
2025-02-10 03:13:48 INFO  LoggingAspect:19 - Executin method: getDepartureDatesByTourId
2025-02-10 03:13:48 INFO  LoggingAspect:19 - Executin method: getItenaryMasterById
2025-02-10 03:13:48 INFO  LoggingAspect:25 - Finished executing method: getDepartureDatesByTourId
2025-02-10 03:13:48 INFO  LoggingAspect:25 - Finished executing method: getItenaryMasterById
2025-02-10 03:13:55 INFO  LoggingAspect:19 - Executin method: getItenaryMasterById
2025-02-10 03:13:55 INFO  LoggingAspect:25 - Finished executing method: getItenaryMasterById
2025-02-10 03:14:05 INFO  LoggingAspect:19 - Executin method: getAllCategories
2025-02-10 03:14:05 INFO  LoggingAspect:25 - Finished executing method: getAllCategories
2025-02-10 10:39:03 INFO  LoggingAspect:19 - Executin method: getAllCategories
2025-02-10 10:39:03 INFO  LoggingAspect:25 - Finished executing method: getAllCategories
2025-02-10 10:40:34 INFO  LoggingAspect:19 - Executin method: getAllSubcategories
2025-02-10 10:40:34 INFO  LoggingAspect:25 - Finished executing method: getAllSubcategories
2025-02-10 10:41:55 INFO  LoggingAspect:19 - Executin method: getAllSubcategories
2025-02-10 10:41:55 INFO  LoggingAspect:25 - Finished executing method: getAllSubcategories
2025-02-10 10:41:58 INFO  LoggingAspect:19 - Executin method: getAllCategories
2025-02-10 10:41:58 INFO  LoggingAspect:25 - Finished executing method: getAllCategories
2025-02-10 10:42:00 INFO  LoggingAspect:19 - Executin method: getAllSubcategories
2025-02-10 10:42:00 INFO  LoggingAspect:25 - Finished executing method: getAllSubcategories
2025-02-10 10:42:02 INFO  LoggingAspect:19 - Executin method: getAllCategories
2025-02-10 10:42:02 INFO  LoggingAspect:25 - Finished executing method: getAllCategories
2025-02-10 10:43:53 INFO  LoggingAspect:19 - Executin method: getAllIternaries
2025-02-10 10:43:53 INFO  LoggingAspect:25 - Finished executing method: getAllIternaries
2025-02-10 10:44:42 INFO  LoggingAspect:19 - Executin method: getAllSubcategories
2025-02-10 10:44:42 INFO  LoggingAspect:25 - Finished executing method: getAllSubcategories
2025-02-10 10:46:33 INFO  LoggingAspect:19 - Executin method: getAllCategories
2025-02-10 10:46:33 INFO  LoggingAspect:25 - Finished executing method: getAllCategories
2025-02-10 10:46:35 INFO  LoggingAspect:19 - Executin method: getAllCategories
2025-02-10 10:46:35 INFO  LoggingAspect:25 - Finished executing method: getAllCategories
2025-02-10 10:46:38 INFO  LoggingAspect:19 - Executin method: getAllSubcategories
2025-02-10 10:46:38 INFO  LoggingAspect:25 - Finished executing method: getAllSubcategories
2025-02-10 10:47:43 INFO  LoggingAspect:19 - Executin method: getAllCategories
2025-02-10 10:47:43 INFO  LoggingAspect:25 - Finished executing method: getAllCategories
2025-02-10 10:47:45 INFO  LoggingAspect:19 - Executin method: getAllSubcategories
2025-02-10 10:47:45 INFO  LoggingAspect:25 - Finished executing method: getAllSubcategories
2025-02-10 10:48:09 INFO  LoggingAspect:19 - Executin method: getAllCategories
2025-02-10 10:48:09 INFO  LoggingAspect:25 - Finished executing method: getAllCategories
2025-02-10 10:48:10 INFO  LoggingAspect:19 - Executin method: getAllSubcategories
2025-02-10 10:48:10 INFO  LoggingAspect:25 - Finished executing method: getAllSubcategories
2025-02-10 10:50:43 INFO  LoggingAspect:19 - Executin method: getAllCategories
2025-02-10 10:50:43 INFO  LoggingAspect:25 - Finished executing method: getAllCategories
2025-02-10 10:50:45 INFO  LoggingAspect:19 - Executin method: getAllSubcategories
2025-02-10 10:50:45 INFO  LoggingAspect:25 - Finished executing method: getAllSubcategories
2025-02-10 10:52:01 INFO  LoggingAspect:19 - Executin method: getAllCategories
2025-02-10 10:52:01 INFO  LoggingAspect:25 - Finished executing method: getAllCategories
2025-02-10 10:52:03 INFO  LoggingAspect:19 - Executin method: getAllSubcategories
2025-02-10 10:52:03 INFO  LoggingAspect:25 - Finished executing method: getAllSubcategories
2025-02-10 10:52:49 INFO  LoggingAspect:19 - Executin method: getAllCategories
2025-02-10 10:52:49 INFO  LoggingAspect:25 - Finished executing method: getAllCategories
2025-02-10 10:52:51 INFO  LoggingAspect:19 - Executin method: getAllSubcategories
2025-02-10 10:52:51 INFO  LoggingAspect:25 - Finished executing method: getAllSubcategories
2025-02-10 10:52:53 INFO  LoggingAspect:19 - Executin method: getAllTours
2025-02-10 10:52:53 INFO  LoggingAspect:25 - Finished executing method: getAllTours
2025-02-10 10:52:54 INFO  LoggingAspect:19 - Executin method: getItenaryMasterById
2025-02-10 10:52:54 INFO  LoggingAspect:25 - Finished executing method: getItenaryMasterById
2025-02-10 10:53:03 INFO  LoggingAspect:19 - Executin method: getItenaryMasterById
2025-02-10 10:53:03 INFO  LoggingAspect:25 - Finished executing method: getItenaryMasterById
2025-02-10 10:53:05 INFO  LoggingAspect:19 - Executin method: getAllCategories
2025-02-10 10:53:05 INFO  LoggingAspect:25 - Finished executing method: getAllCategories
2025-02-10 10:53:08 INFO  LoggingAspect:19 - Executin method: getAllSubcategories
2025-02-10 10:53:08 INFO  LoggingAspect:25 - Finished executing method: getAllSubcategories
2025-02-10 10:53:10 INFO  LoggingAspect:19 - Executin method: getAllCategories
2025-02-10 10:53:10 INFO  LoggingAspect:25 - Finished executing method: getAllCategories
2025-02-10 10:53:12 INFO  LoggingAspect:19 - Executin method: getAllSubcategories
2025-02-10 10:53:12 INFO  LoggingAspect:25 - Finished executing method: getAllSubcategories
2025-02-10 10:54:07 INFO  LoggingAspect:19 - Executin method: getAllCategories
2025-02-10 10:54:07 INFO  LoggingAspect:25 - Finished executing method: getAllCategories
2025-02-10 10:54:09 INFO  LoggingAspect:19 - Executin method: getAllSubcategories
2025-02-10 10:54:09 INFO  LoggingAspect:25 - Finished executing method: getAllSubcategories
2025-02-10 10:54:22 INFO  LoggingAspect:19 - Executin method: getAllCategories
2025-02-10 10:54:22 INFO  LoggingAspect:25 - Finished executing method: getAllCategories
2025-02-10 10:54:24 INFO  LoggingAspect:19 - Executin method: getAllSubcategories
2025-02-10 10:54:24 INFO  LoggingAspect:25 - Finished executing method: getAllSubcategories
2025-02-10 10:54:53 INFO  LoggingAspect:19 - Executin method: getAllCategories
2025-02-10 10:54:53 INFO  LoggingAspect:25 - Finished executing method: getAllCategories
2025-02-10 10:54:55 INFO  LoggingAspect:19 - Executin method: getAllSubcategories
2025-02-10 10:54:55 INFO  LoggingAspect:25 - Finished executing method: getAllSubcategories
2025-02-10 10:57:42 INFO  LoggingAspect:19 - Executin method: getAllCategories
2025-02-10 10:57:42 INFO  LoggingAspect:25 - Finished executing method: getAllCategories
2025-02-10 10:57:47 INFO  LoggingAspect:19 - Executin method: getAllSubcategories
2025-02-10 10:57:47 INFO  LoggingAspect:25 - Finished executing method: getAllSubcategories
2025-02-10 11:00:05 INFO  LoggingAspect:19 - Executin method: getAllCategories
2025-02-10 11:00:05 INFO  LoggingAspect:25 - Finished executing method: getAllCategories
2025-02-10 11:00:07 INFO  LoggingAspect:19 - Executin method: getAllSubcategories
2025-02-10 11:00:07 INFO  LoggingAspect:25 - Finished executing method: getAllSubcategories
2025-02-10 11:01:03 INFO  LoggingAspect:19 - Executin method: getAllIternaries
2025-02-10 11:01:03 INFO  LoggingAspect:25 - Finished executing method: getAllIternaries
2025-02-10 11:02:50 INFO  LoggingAspect:19 - Executin method: getAllSubcategories
2025-02-10 11:02:50 INFO  LoggingAspect:25 - Finished executing method: getAllSubcategories
2025-02-10 11:02:52 INFO  LoggingAspect:19 - Executin method: getAllCategories
2025-02-10 11:02:52 INFO  LoggingAspect:25 - Finished executing method: getAllCategories
2025-02-10 11:02:54 INFO  LoggingAspect:19 - Executin method: getAllSubcategories
2025-02-10 11:02:54 INFO  LoggingAspect:25 - Finished executing method: getAllSubcategories
2025-02-10 11:08:25 INFO  LoggingAspect:19 - Executin method: getAllSubcategories
2025-02-10 11:08:25 INFO  LoggingAspect:25 - Finished executing method: getAllSubcategories
2025-02-10 11:09:51 INFO  LoggingAspect:19 - Executin method: getAllSubcategories
2025-02-10 11:09:51 INFO  LoggingAspect:25 - Finished executing method: getAllSubcategories
2025-02-10 11:09:59 INFO  LoggingAspect:19 - Executin method: getAllCategories
2025-02-10 11:09:59 INFO  LoggingAspect:25 - Finished executing method: getAllCategories
2025-02-10 11:10:01 INFO  LoggingAspect:19 - Executin method: getAllSubcategories
2025-02-10 11:10:01 INFO  LoggingAspect:25 - Finished executing method: getAllSubcategories
2025-02-10 11:18:16 INFO  LoggingAspect:19 - Executin method: getAllCategories
2025-02-10 11:18:16 INFO  LoggingAspect:25 - Finished executing method: getAllCategories
2025-02-10 11:18:19 INFO  LoggingAspect:19 - Executin method: getAllIternaries
2025-02-10 11:18:19 INFO  LoggingAspect:25 - Finished executing method: getAllIternaries
2025-02-10 11:18:32 INFO  LoggingAspect:19 - Executin method: getAllIternaries
2025-02-10 11:18:32 INFO  LoggingAspect:25 - Finished executing method: getAllIternaries
2025-02-10 11:20:41 INFO  LoggingAspect:19 - Executin method: loginCustomer
2025-02-10 11:20:41 INFO  LoggingAspect:25 - Finished executing method: loginCustomer
2025-02-10 11:20:50 INFO  LoggingAspect:19 - Executin method: loginCustomer
2025-02-10 11:20:50 INFO  LoggingAspect:25 - Finished executing method: loginCustomer
2025-02-10 11:35:20 INFO  LoggingAspect:19 - Executin method: getAllCategories
2025-02-10 11:35:20 INFO  LoggingAspect:25 - Finished executing method: getAllCategories
2025-02-10 11:35:32 INFO  LoggingAspect:19 - Executin method: getAllSubcategories
2025-02-10 11:35:32 INFO  LoggingAspect:25 - Finished executing method: getAllSubcategories
2025-02-10 11:35:34 INFO  LoggingAspect:19 - Executin method: getAllTours
2025-02-10 11:35:34 INFO  LoggingAspect:25 - Finished executing method: getAllTours
2025-02-10 11:35:36 INFO  LoggingAspect:19 - Executin method: getItenaryMasterById
2025-02-10 11:35:36 INFO  LoggingAspect:25 - Finished executing method: getItenaryMasterById
2025-02-10 11:35:46 INFO  LoggingAspect:19 - Executin method: getItenaryMasterById
2025-02-10 11:35:46 INFO  LoggingAspect:25 - Finished executing method: getItenaryMasterById
2025-02-10 11:35:50 INFO  LoggingAspect:19 - Executin method: getItenaryMasterById
2025-02-10 11:35:50 INFO  LoggingAspect:25 - Finished executing method: getItenaryMasterById
2025-02-10 11:35:53 INFO  LoggingAspect:19 - Executin method: getItenaryMasterById
2025-02-10 11:35:53 INFO  LoggingAspect:25 - Finished executing method: getItenaryMasterById
2025-02-10 11:35:59 INFO  LoggingAspect:19 - Executin method: getAllTours
2025-02-10 11:35:59 INFO  LoggingAspect:25 - Finished executing method: getAllTours
2025-02-10 11:36:00 INFO  LoggingAspect:19 - Executin method: getAllSubcategories
2025-02-10 11:36:00 INFO  LoggingAspect:25 - Finished executing method: getAllSubcategories
2025-02-10 11:36:00 INFO  LoggingAspect:19 - Executin method: getAllCategories
2025-02-10 11:36:00 INFO  LoggingAspect:25 - Finished executing method: getAllCategories
2025-02-10 11:36:02 INFO  LoggingAspect:19 - Executin method: getAllIternaries
2025-02-10 11:36:02 INFO  LoggingAspect:25 - Finished executing method: getAllIternaries
2025-02-10 11:36:29 INFO  LoggingAspect:19 - Executin method: getAllIternaries
2025-02-10 11:36:29 INFO  LoggingAspect:25 - Finished executing method: getAllIternaries
2025-02-10 11:41:54 INFO  LoggingAspect:19 - Executin method: getAllCategories
2025-02-10 11:41:54 INFO  LoggingAspect:25 - Finished executing method: getAllCategories
2025-02-10 11:41:57 INFO  LoggingAspect:19 - Executin method: getAllIternaries
2025-02-10 11:41:57 INFO  LoggingAspect:25 - Finished executing method: getAllIternaries
2025-02-10 11:42:21 INFO  LoggingAspect:19 - Executin method: loginCustomer
2025-02-10 11:42:21 INFO  LoggingAspect:25 - Finished executing method: loginCustomer
2025-02-10 11:42:39 INFO  LoggingAspect:19 - Executin method: loginCustomer
2025-02-10 11:42:39 INFO  LoggingAspect:25 - Finished executing method: loginCustomer
2025-02-10 11:44:40 INFO  LoggingAspect:19 - Executin method: getAllCategories
2025-02-10 11:44:40 INFO  LoggingAspect:25 - Finished executing method: getAllCategories
2025-02-10 11:45:45 INFO  LoggingAspect:19 - Executin method: getAllCategories
2025-02-10 11:45:45 INFO  LoggingAspect:25 - Finished executing method: getAllCategories
2025-02-10 11:56:00 INFO  LoggingAspect:19 - Executin method: getAllIternaries
2025-02-10 11:56:00 INFO  LoggingAspect:25 - Finished executing method: getAllIternaries
2025-02-10 11:56:04 INFO  LoggingAspect:19 - Executin method: getAllCategories
2025-02-10 11:56:04 INFO  LoggingAspect:25 - Finished executing method: getAllCategories
2025-02-10 11:56:08 INFO  LoggingAspect:19 - Executin method: getAllSubcategories
2025-02-10 11:56:08 INFO  LoggingAspect:25 - Finished executing method: getAllSubcategories
2025-02-10 11:56:09 INFO  LoggingAspect:19 - Executin method: getAllTours
2025-02-10 11:56:09 INFO  LoggingAspect:25 - Finished executing method: getAllTours
2025-02-10 11:56:12 INFO  LoggingAspect:19 - Executin method: getItenaryMasterById
2025-02-10 11:56:12 INFO  LoggingAspect:25 - Finished executing method: getItenaryMasterById
2025-02-10 11:56:12 INFO  LoggingAspect:19 - Executin method: getDepartureDatesByTourId
2025-02-10 11:56:12 INFO  LoggingAspect:25 - Finished executing method: getDepartureDatesByTourId
2025-02-10 11:56:41 INFO  LoggingAspect:19 - Executin method: getItenaryMasterById
2025-02-10 11:56:41 INFO  LoggingAspect:25 - Finished executing method: getItenaryMasterById
2025-02-10 11:56:44 INFO  LoggingAspect:19 - Executin method: getAllCategories
2025-02-10 11:56:44 INFO  LoggingAspect:25 - Finished executing method: getAllCategories
2025-02-10 11:56:47 INFO  LoggingAspect:19 - Executin method: getAllIternaries
2025-02-10 11:56:47 INFO  LoggingAspect:25 - Finished executing method: getAllIternaries
2025-02-10 11:56:54 INFO  LoggingAspect:19 - Executin method: getAllIternaries
2025-02-10 11:56:54 INFO  LoggingAspect:25 - Finished executing method: getAllIternaries
2025-02-10 12:22:45 INFO  LoggingAspect:19 - Executin method: getAllCategories
2025-02-10 12:22:45 INFO  LoggingAspect:25 - Finished executing method: getAllCategories
2025-02-10 12:23:25 INFO  LoggingAspect:19 - Executin method: getAllSubcategories
2025-02-10 12:23:25 INFO  LoggingAspect:25 - Finished executing method: getAllSubcategories
2025-02-10 12:23:26 INFO  LoggingAspect:19 - Executin method: getAllTours
2025-02-10 12:23:26 INFO  LoggingAspect:25 - Finished executing method: getAllTours
2025-02-10 12:23:29 INFO  LoggingAspect:19 - Executin method: getDepartureDatesByTourId
2025-02-10 12:23:29 INFO  LoggingAspect:19 - Executin method: getItenaryMasterById
2025-02-10 12:23:29 INFO  LoggingAspect:25 - Finished executing method: getDepartureDatesByTourId
2025-02-10 12:23:29 INFO  LoggingAspect:25 - Finished executing method: getItenaryMasterById
2025-02-10 12:23:40 INFO  LoggingAspect:19 - Executin method: getItenaryMasterById
2025-02-10 12:23:40 INFO  LoggingAspect:25 - Finished executing method: getItenaryMasterById
2025-02-10 12:23:51 INFO  LoggingAspect:19 - Executin method: getAllCategories
2025-02-10 12:23:51 INFO  LoggingAspect:25 - Finished executing method: getAllCategories
2025-02-10 12:24:05 INFO  LoggingAspect:19 - Executin method: loginCustomer
2025-02-10 12:24:05 INFO  LoggingAspect:25 - Finished executing method: loginCustomer
2025-02-10 12:24:25 INFO  LoggingAspect:19 - Executin method: loginCustomer
2025-02-10 12:24:25 INFO  LoggingAspect:25 - Finished executing method: loginCustomer
2025-02-10 12:32:05 INFO  LoggingAspect:19 - Executin method: loginCustomer
2025-02-10 12:32:05 INFO  LoggingAspect:25 - Finished executing method: loginCustomer
2025-02-10 12:33:27 INFO  LoggingAspect:19 - Executin method: loginCustomer
2025-02-10 12:33:27 INFO  LoggingAspect:25 - Finished executing method: loginCustomer
2025-02-10 12:33:37 INFO  LoggingAspect:19 - Executin method: getAllCategories
2025-02-10 12:33:37 INFO  LoggingAspect:25 - Finished executing method: getAllCategories
2025-02-10 12:33:43 INFO  LoggingAspect:19 - Executin method: getAllCategories
2025-02-10 12:33:43 INFO  LoggingAspect:25 - Finished executing method: getAllCategories
2025-02-10 12:33:51 INFO  LoggingAspect:19 - Executin method: getAllCategories
2025-02-10 12:33:51 INFO  LoggingAspect:25 - Finished executing method: getAllCategories
2025-02-10 12:34:09 INFO  LoggingAspect:19 - Executin method: loginCustomer
2025-02-10 12:34:09 INFO  LoggingAspect:25 - Finished executing method: loginCustomer
2025-02-10 12:34:14 INFO  LoggingAspect:19 - Executin method: getAllSubcategories
2025-02-10 12:34:14 INFO  LoggingAspect:25 - Finished executing method: getAllSubcategories
2025-02-10 12:34:16 INFO  LoggingAspect:19 - Executin method: getAllTours
2025-02-10 12:34:16 INFO  LoggingAspect:25 - Finished executing method: getAllTours
2025-02-10 12:34:23 INFO  LoggingAspect:19 - Executin method: getDepartureDatesByTourId
2025-02-10 12:34:23 INFO  LoggingAspect:19 - Executin method: getItenaryMasterById
2025-02-10 12:34:23 INFO  LoggingAspect:25 - Finished executing method: getDepartureDatesByTourId
2025-02-10 12:34:23 INFO  LoggingAspect:25 - Finished executing method: getItenaryMasterById
2025-02-10 12:34:49 INFO  LoggingAspect:19 - Executin method: getItenaryMasterById
2025-02-10 12:34:49 INFO  LoggingAspect:25 - Finished executing method: getItenaryMasterById
2025-02-10 12:34:54 INFO  LoggingAspect:19 - Executin method: getItenaryMasterById
2025-02-10 12:34:54 INFO  LoggingAspect:25 - Finished executing method: getItenaryMasterById
2025-02-10 12:34:58 INFO  LoggingAspect:19 - Executin method: getCustomerDetails
2025-02-10 12:34:58 INFO  LoggingAspect:25 - Finished executing method: getCustomerDetails
2025-02-10 12:34:58 INFO  LoggingAspect:19 - Executin method: getBookingCost
2025-02-10 12:34:58 INFO  LoggingAspect:25 - Finished executing method: getBookingCost
2025-02-10 12:36:36 INFO  LoggingAspect:19 - Executin method: confirmBooking
2025-02-10 12:36:36 INFO  LoggingAspect:25 - Finished executing method: confirmBooking
2025-02-10 12:36:37 INFO  LoggingAspect:19 - Executin method: getAllCategories
2025-02-10 12:36:37 INFO  LoggingAspect:25 - Finished executing method: getAllCategories
2025-02-10 13:43:21 INFO  LoggingAspect:19 - Executin method: confirmBooking
2025-02-10 13:43:30 INFO  LoggingAspect:25 - Finished executing method: confirmBooking
2025-02-10 13:45:25 INFO  LoggingAspect:19 - Executin method: getAllSubcategories
2025-02-10 13:45:25 INFO  LoggingAspect:25 - Finished executing method: getAllSubcategories
2025-02-10 13:45:28 INFO  LoggingAspect:19 - Executin method: getAllTours
2025-02-10 13:45:28 INFO  LoggingAspect:25 - Finished executing method: getAllTours
2025-02-10 13:45:30 INFO  LoggingAspect:19 - Executin method: getDepartureDatesByTourId
2025-02-10 13:45:30 INFO  LoggingAspect:25 - Finished executing method: getDepartureDatesByTourId
2025-02-10 13:45:30 INFO  LoggingAspect:19 - Executin method: getItenaryMasterById
2025-02-10 13:45:30 INFO  LoggingAspect:25 - Finished executing method: getItenaryMasterById
2025-02-10 13:45:36 INFO  LoggingAspect:19 - Executin method: getCustomerDetails
2025-02-10 13:45:36 INFO  LoggingAspect:25 - Finished executing method: getCustomerDetails
2025-02-10 13:45:36 INFO  LoggingAspect:19 - Executin method: getBookingCost
2025-02-10 13:45:36 INFO  LoggingAspect:25 - Finished executing method: getBookingCost
2025-02-10 13:46:48 INFO  LoggingAspect:19 - Executin method: confirmBooking
2025-02-10 13:46:51 INFO  LoggingAspect:19 - Executin method: confirmBooking
2025-02-10 13:46:55 INFO  LoggingAspect:25 - Finished executing method: confirmBooking
2025-02-10 13:46:58 INFO  LoggingAspect:25 - Finished executing method: confirmBooking
2025-02-10 13:47:00 INFO  LoggingAspect:19 - Executin method: getAllCategories
2025-02-10 13:47:00 INFO  LoggingAspect:25 - Finished executing method: getAllCategories
2025-02-10 14:09:04 INFO  LoggingAspect:19 - Executin method: getItenaryByTourId
2025-02-10 14:09:04 INFO  LoggingAspect:25 - Finished executing method: getItenaryByTourId
2025-02-10 14:09:44 INFO  LoggingAspect:19 - Executin method: getItenaryByTourId
2025-02-10 14:09:44 INFO  LoggingAspect:25 - Finished executing method: getItenaryByTourId
2025-02-10 14:10:22 INFO  LoggingAspect:19 - Executin method: getAllCategories
2025-02-10 14:10:22 INFO  LoggingAspect:25 - Finished executing method: getAllCategories
2025-02-10 14:11:47 INFO  LoggingAspect:19 - Executin method: getItenaryByTourId
2025-02-10 14:11:47 INFO  LoggingAspect:25 - Finished executing method: getItenaryByTourId
2025-02-10 14:12:42 INFO  LoggingAspect:19 - Executin method: getItenaryMasterById
2025-02-10 14:12:42 INFO  LoggingAspect:25 - Finished executing method: getItenaryMasterById
2025-02-10 14:13:55 INFO  LoggingAspect:19 - Executin method: getItenaryByTourId
2025-02-10 14:13:55 INFO  LoggingAspect:25 - Finished executing method: getItenaryByTourId
2025-02-10 14:19:32 INFO  LoggingAspect:19 - Executin method: getItenaryMasterById
2025-02-10 14:19:32 INFO  LoggingAspect:25 - Finished executing method: getItenaryMasterById
2025-02-10 14:20:57 INFO  LoggingAspect:19 - Executin method: getItenaryMasterById
2025-02-10 14:20:57 INFO  LoggingAspect:25 - Finished executing method: getItenaryMasterById
2025-02-10 14:21:17 INFO  LoggingAspect:19 - Executin method: getItenaryMasterById
2025-02-10 14:21:17 INFO  LoggingAspect:25 - Finished executing method: getItenaryMasterById
2025-02-10 14:21:26 INFO  LoggingAspect:19 - Executin method: getAllCategories
2025-02-10 14:21:26 INFO  LoggingAspect:25 - Finished executing method: getAllCategories
2025-02-10 14:21:29 INFO  LoggingAspect:19 - Executin method: getAllSubcategories
2025-02-10 14:21:29 INFO  LoggingAspect:25 - Finished executing method: getAllSubcategories
2025-02-10 14:21:30 INFO  LoggingAspect:19 - Executin method: getAllTours
2025-02-10 14:21:30 INFO  LoggingAspect:25 - Finished executing method: getAllTours
2025-02-10 14:21:31 INFO  LoggingAspect:19 - Executin method: getItenaryMasterById
2025-02-10 14:21:31 INFO  LoggingAspect:19 - Executin method: getDepartureDatesByTourId
2025-02-10 14:21:31 INFO  LoggingAspect:25 - Finished executing method: getItenaryMasterById
2025-02-10 14:21:31 INFO  LoggingAspect:25 - Finished executing method: getDepartureDatesByTourId
2025-02-10 14:21:37 INFO  LoggingAspect:19 - Executin method: getItenaryMasterById
2025-02-10 14:21:37 INFO  LoggingAspect:25 - Finished executing method: getItenaryMasterById
2025-02-10 14:21:39 INFO  LoggingAspect:19 - Executin method: getAllCategories
2025-02-10 14:21:39 INFO  LoggingAspect:25 - Finished executing method: getAllCategories
2025-02-10 14:22:01 INFO  LoggingAspect:19 - Executin method: getItenaryMasterById
2025-02-10 14:22:01 INFO  LoggingAspect:25 - Finished executing method: getItenaryMasterById
2025-02-10 14:22:35 INFO  LoggingAspect:19 - Executin method: getItenaryByTourId
2025-02-10 14:22:35 INFO  LoggingAspect:25 - Finished executing method: getItenaryByTourId
2025-02-10 14:23:27 INFO  LoggingAspect:19 - Executin method: getItenaryMasterById
2025-02-10 14:23:27 INFO  LoggingAspect:25 - Finished executing method: getItenaryMasterById
2025-02-10 14:27:50 INFO  LoggingAspect:19 - Executin method: getAllCategories
2025-02-10 14:27:50 INFO  LoggingAspect:25 - Finished executing method: getAllCategories
2025-02-10 14:32:04 INFO  LoggingAspect:19 - Executin method: getItenaryMasterById
2025-02-10 14:32:04 INFO  LoggingAspect:25 - Finished executing method: getItenaryMasterById
2025-02-10 14:32:39 INFO  LoggingAspect:19 - Executin method: getItenaryByTourId
2025-02-10 14:32:39 INFO  LoggingAspect:25 - Finished executing method: getItenaryByTourId
2025-02-10 14:33:02 INFO  LoggingAspect:19 - Executin method: getItenaryMasterById
2025-02-10 14:33:02 INFO  LoggingAspect:25 - Finished executing method: getItenaryMasterById
2025-02-10 14:33:58 INFO  LoggingAspect:19 - Executin method: getItenaryByTourId
2025-02-10 14:33:58 INFO  LoggingAspect:25 - Finished executing method: getItenaryByTourId
2025-02-10 14:38:26 INFO  LoggingAspect:19 - Executin method: getItenaryByTourId
2025-02-10 14:38:26 INFO  LoggingAspect:25 - Finished executing method: getItenaryByTourId
2025-02-10 14:39:52 INFO  LoggingAspect:19 - Executin method: getItenaryByTourId
2025-02-10 14:39:52 INFO  LoggingAspect:25 - Finished executing method: getItenaryByTourId
2025-02-10 14:40:05 INFO  LoggingAspect:19 - Executin method: getItenaryByTourId
2025-02-10 14:40:05 INFO  LoggingAspect:25 - Finished executing method: getItenaryByTourId
2025-02-10 14:40:21 INFO  LoggingAspect:19 - Executin method: getItenaryByTourId
2025-02-10 14:40:21 INFO  LoggingAspect:25 - Finished executing method: getItenaryByTourId
2025-02-10 14:42:19 INFO  LoggingAspect:19 - Executin method: getItenaryMasterById
2025-02-10 14:42:19 INFO  LoggingAspect:25 - Finished executing method: getItenaryMasterById
2025-02-10 14:44:11 INFO  LoggingAspect:19 - Executin method: getItenaryMasterById
2025-02-10 14:44:11 INFO  LoggingAspect:25 - Finished executing method: getItenaryMasterById
2025-02-10 14:44:23 INFO  LoggingAspect:19 - Executin method: getItenaryMasterById
2025-02-10 14:44:23 INFO  LoggingAspect:25 - Finished executing method: getItenaryMasterById
2025-02-10 14:44:24 INFO  LoggingAspect:19 - Executin method: getItenaryMasterById
2025-02-10 14:44:24 INFO  LoggingAspect:25 - Finished executing method: getItenaryMasterById
2025-02-10 14:44:50 INFO  LoggingAspect:19 - Executin method: getItenaryMasterById
2025-02-10 14:44:50 INFO  LoggingAspect:25 - Finished executing method: getItenaryMasterById
2025-02-10 14:45:07 INFO  LoggingAspect:19 - Executin method: getItenaryMasterById
2025-02-10 14:45:07 INFO  LoggingAspect:25 - Finished executing method: getItenaryMasterById
2025-02-10 14:45:11 INFO  LoggingAspect:19 - Executin method: getItenaryMasterById
2025-02-10 14:45:11 INFO  LoggingAspect:25 - Finished executing method: getItenaryMasterById
2025-02-10 14:45:28 INFO  LoggingAspect:19 - Executin method: getItenaryMasterById
2025-02-10 14:45:28 INFO  LoggingAspect:25 - Finished executing method: getItenaryMasterById
2025-02-10 14:45:45 INFO  LoggingAspect:19 - Executin method: getItenaryMasterById
2025-02-10 14:45:45 INFO  LoggingAspect:25 - Finished executing method: getItenaryMasterById
2025-02-10 14:45:52 INFO  LoggingAspect:19 - Executin method: getItenaryMasterById
2025-02-10 14:45:52 INFO  LoggingAspect:25 - Finished executing method: getItenaryMasterById
2025-02-10 14:45:54 INFO  LoggingAspect:19 - Executin method: getItenaryMasterById
2025-02-10 14:45:54 INFO  LoggingAspect:25 - Finished executing method: getItenaryMasterById
2025-02-10 14:49:17 INFO  LoggingAspect:19 - Executin method: getItenaryMasterById
2025-02-10 14:49:17 INFO  LoggingAspect:25 - Finished executing method: getItenaryMasterById
2025-02-10 14:50:43 INFO  LoggingAspect:19 - Executin method: getItenaryMasterById
2025-02-10 14:50:43 INFO  LoggingAspect:25 - Finished executing method: getItenaryMasterById
2025-02-10 14:50:47 INFO  LoggingAspect:19 - Executin method: getItenaryMasterById
2025-02-10 14:50:47 INFO  LoggingAspect:25 - Finished executing method: getItenaryMasterById
2025-02-10 14:54:55 INFO  LoggingAspect:19 - Executin method: getItenaryMasterById
2025-02-10 14:54:55 INFO  LoggingAspect:25 - Finished executing method: getItenaryMasterById
2025-02-10 14:59:32 INFO  LoggingAspect:19 - Executin method: getItenaryMasterById
2025-02-10 14:59:32 INFO  LoggingAspect:25 - Finished executing method: getItenaryMasterById
2025-02-10 14:59:37 INFO  LoggingAspect:19 - Executin method: getAllCategories
2025-02-10 14:59:38 INFO  LoggingAspect:25 - Finished executing method: getAllCategories
2025-02-10 14:59:46 INFO  LoggingAspect:19 - Executin method: getAllSubcategories
2025-02-10 14:59:46 INFO  LoggingAspect:25 - Finished executing method: getAllSubcategories
2025-02-10 14:59:48 INFO  LoggingAspect:19 - Executin method: getAllTours
2025-02-10 14:59:48 INFO  LoggingAspect:25 - Finished executing method: getAllTours
2025-02-10 14:59:49 INFO  LoggingAspect:19 - Executin method: getItenaryMasterById
2025-02-10 14:59:49 INFO  LoggingAspect:19 - Executin method: getDepartureDatesByTourId
2025-02-10 14:59:49 INFO  LoggingAspect:25 - Finished executing method: getItenaryMasterById
2025-02-10 14:59:50 INFO  LoggingAspect:25 - Finished executing method: getDepartureDatesByTourId
2025-02-10 14:59:56 INFO  LoggingAspect:19 - Executin method: getCustomerDetails
2025-02-10 14:59:56 INFO  LoggingAspect:25 - Finished executing method: getCustomerDetails
2025-02-10 14:59:56 INFO  LoggingAspect:19 - Executin method: getBookingCost
2025-02-10 14:59:56 INFO  LoggingAspect:25 - Finished executing method: getBookingCost
2025-02-10 14:59:59 INFO  LoggingAspect:19 - Executin method: getAllCategories
2025-02-10 14:59:59 INFO  LoggingAspect:25 - Finished executing method: getAllCategories
2025-02-10 15:00:40 INFO  LoggingAspect:19 - Executin method: getAllCategories
2025-02-10 15:00:40 INFO  LoggingAspect:25 - Finished executing method: getAllCategories
2025-02-10 15:00:53 INFO  LoggingAspect:19 - Executin method: getAllCategories
2025-02-10 15:00:53 INFO  LoggingAspect:25 - Finished executing method: getAllCategories
2025-02-10 15:00:57 INFO  LoggingAspect:19 - Executin method: getAllCategories
2025-02-10 15:00:57 INFO  LoggingAspect:25 - Finished executing method: getAllCategories
2025-02-10 15:01:13 INFO  LoggingAspect:19 - Executin method: getAllCategories
2025-02-10 15:01:13 INFO  LoggingAspect:25 - Finished executing method: getAllCategories
2025-02-10 15:01:30 INFO  LoggingAspect:19 - Executin method: getAllCategories
2025-02-10 15:01:30 INFO  LoggingAspect:25 - Finished executing method: getAllCategories
2025-02-10 15:01:39 INFO  LoggingAspect:19 - Executin method: getAllCategories
2025-02-10 15:01:39 INFO  LoggingAspect:25 - Finished executing method: getAllCategories
2025-02-10 15:01:41 INFO  LoggingAspect:19 - Executin method: getAllCategories
2025-02-10 15:01:41 INFO  LoggingAspect:25 - Finished executing method: getAllCategories
2025-02-10 15:01:45 INFO  LoggingAspect:19 - Executin method: getAllCategories
2025-02-10 15:01:45 INFO  LoggingAspect:25 - Finished executing method: getAllCategories
2025-02-10 15:02:50 INFO  LoggingAspect:19 - Executin method: getAllCategories
2025-02-10 15:02:50 INFO  LoggingAspect:25 - Finished executing method: getAllCategories
2025-02-10 15:03:51 INFO  LoggingAspect:19 - Executin method: getAllCategories
2025-02-10 15:03:51 INFO  LoggingAspect:25 - Finished executing method: getAllCategories
2025-02-10 15:03:57 INFO  LoggingAspect:19 - Executin method: getAllCategories
2025-02-10 15:03:57 INFO  LoggingAspect:25 - Finished executing method: getAllCategories
2025-02-10 15:04:00 INFO  LoggingAspect:19 - Executin method: getAllCategories
2025-02-10 15:04:00 INFO  LoggingAspect:25 - Finished executing method: getAllCategories
2025-02-10 15:05:17 INFO  LoggingAspect:19 - Executin method: getAllCategories
2025-02-10 15:05:17 INFO  LoggingAspect:25 - Finished executing method: getAllCategories
2025-02-10 15:06:01 INFO  LoggingAspect:19 - Executin method: getAllCategories
2025-02-10 15:06:01 INFO  LoggingAspect:25 - Finished executing method: getAllCategories
2025-02-10 15:06:25 INFO  LoggingAspect:19 - Executin method: getAllCategories
2025-02-10 15:06:25 INFO  LoggingAspect:25 - Finished executing method: getAllCategories
2025-02-10 15:06:30 INFO  LoggingAspect:19 - Executin method: getAllCategories
2025-02-10 15:06:30 INFO  LoggingAspect:25 - Finished executing method: getAllCategories
2025-02-10 15:06:50 INFO  LoggingAspect:19 - Executin method: getAllCategories
2025-02-10 15:06:50 INFO  LoggingAspect:25 - Finished executing method: getAllCategories
2025-02-10 15:06:53 INFO  LoggingAspect:19 - Executin method: getAllCategories
2025-02-10 15:06:53 INFO  LoggingAspect:25 - Finished executing method: getAllCategories
2025-02-10 15:07:17 INFO  LoggingAspect:19 - Executin method: getAllCategories
2025-02-10 15:07:17 INFO  LoggingAspect:25 - Finished executing method: getAllCategories
2025-02-10 15:07:18 INFO  LoggingAspect:19 - Executin method: getAllCategories
2025-02-10 15:07:18 INFO  LoggingAspect:25 - Finished executing method: getAllCategories
2025-02-10 15:07:26 INFO  LoggingAspect:19 - Executin method: getAllCategories
2025-02-10 15:07:26 INFO  LoggingAspect:25 - Finished executing method: getAllCategories
2025-02-10 15:07:28 INFO  LoggingAspect:19 - Executin method: getAllCategories
2025-02-10 15:07:28 INFO  LoggingAspect:25 - Finished executing method: getAllCategories
2025-02-10 15:07:37 INFO  LoggingAspect:19 - Executin method: getAllCategories
2025-02-10 15:07:37 INFO  LoggingAspect:25 - Finished executing method: getAllCategories
2025-02-10 15:07:40 INFO  LoggingAspect:19 - Executin method: getAllCategories
2025-02-10 15:07:40 INFO  LoggingAspect:25 - Finished executing method: getAllCategories
2025-02-10 15:07:52 INFO  LoggingAspect:19 - Executin method: getAllCategories
2025-02-10 15:07:52 INFO  LoggingAspect:25 - Finished executing method: getAllCategories
2025-02-10 15:07:58 INFO  LoggingAspect:19 - Executin method: getAllCategories
2025-02-10 15:07:58 INFO  LoggingAspect:25 - Finished executing method: getAllCategories
2025-02-10 15:08:05 INFO  LoggingAspect:19 - Executin method: getAllCategories
2025-02-10 15:08:05 INFO  LoggingAspect:25 - Finished executing method: getAllCategories
2025-02-10 15:08:08 INFO  LoggingAspect:19 - Executin method: getAllCategories
2025-02-10 15:08:08 INFO  LoggingAspect:25 - Finished executing method: getAllCategories
2025-02-10 15:08:46 INFO  LoggingAspect:19 - Executin method: getAllCategories
2025-02-10 15:08:46 INFO  LoggingAspect:25 - Finished executing method: getAllCategories
2025-02-10 15:09:07 INFO  LoggingAspect:19 - Executin method: getAllCategories
2025-02-10 15:09:07 INFO  LoggingAspect:25 - Finished executing method: getAllCategories
2025-02-10 15:09:53 INFO  LoggingAspect:19 - Executin method: getAllCategories
2025-02-10 15:09:53 INFO  LoggingAspect:25 - Finished executing method: getAllCategories
2025-02-10 15:10:37 INFO  LoggingAspect:19 - Executin method: getAllCategories
2025-02-10 15:10:37 INFO  LoggingAspect:25 - Finished executing method: getAllCategories
2025-02-10 15:11:28 INFO  LoggingAspect:19 - Executin method: getAllCategories
2025-02-10 15:11:28 INFO  LoggingAspect:25 - Finished executing method: getAllCategories
2025-02-10 15:11:58 INFO  LoggingAspect:19 - Executin method: getAllCategories
2025-02-10 15:11:58 INFO  LoggingAspect:25 - Finished executing method: getAllCategories
2025-02-10 15:12:57 INFO  LoggingAspect:19 - Executin method: getAllCategories
2025-02-10 15:12:57 INFO  LoggingAspect:25 - Finished executing method: getAllCategories
2025-02-10 15:12:58 INFO  LoggingAspect:19 - Executin method: getAllSubcategories
2025-02-10 15:12:58 INFO  LoggingAspect:25 - Finished executing method: getAllSubcategories
2025-02-10 15:13:41 INFO  LoggingAspect:19 - Executin method: getAllSubcategories
2025-02-10 15:13:41 INFO  LoggingAspect:25 - Finished executing method: getAllSubcategories
2025-02-10 15:13:43 INFO  LoggingAspect:19 - Executin method: getAllCategories
2025-02-10 15:13:43 INFO  LoggingAspect:25 - Finished executing method: getAllCategories
2025-02-10 15:14:48 INFO  LoggingAspect:19 - Executin method: getAllCategories
2025-02-10 15:14:49 INFO  LoggingAspect:25 - Finished executing method: getAllCategories
2025-02-10 15:15:11 INFO  LoggingAspect:19 - Executin method: getAllCategories
2025-02-10 15:15:11 INFO  LoggingAspect:25 - Finished executing method: getAllCategories
2025-02-10 15:15:28 INFO  LoggingAspect:19 - Executin method: getAllCategories
2025-02-10 15:15:28 INFO  LoggingAspect:25 - Finished executing method: getAllCategories
2025-02-10 15:15:42 INFO  LoggingAspect:19 - Executin method: getAllCategories
2025-02-10 15:15:42 INFO  LoggingAspect:25 - Finished executing method: getAllCategories
2025-02-10 15:16:10 INFO  LoggingAspect:19 - Executin method: getAllCategories
2025-02-10 15:16:11 INFO  LoggingAspect:25 - Finished executing method: getAllCategories
2025-02-10 15:16:25 INFO  LoggingAspect:19 - Executin method: getAllCategories
2025-02-10 15:16:25 INFO  LoggingAspect:25 - Finished executing method: getAllCategories
2025-02-10 15:16:28 INFO  LoggingAspect:19 - Executin method: getItenaryMasterById
2025-02-10 15:16:28 INFO  LoggingAspect:25 - Finished executing method: getItenaryMasterById
2025-02-10 15:17:06 INFO  LoggingAspect:19 - Executin method: getAllCategories
2025-02-10 15:17:06 INFO  LoggingAspect:25 - Finished executing method: getAllCategories
2025-02-10 15:17:09 INFO  LoggingAspect:19 - Executin method: getAllSubcategories
2025-02-10 15:17:09 INFO  LoggingAspect:25 - Finished executing method: getAllSubcategories
2025-02-10 15:17:10 INFO  LoggingAspect:19 - Executin method: getAllTours
2025-02-10 15:17:10 INFO  LoggingAspect:25 - Finished executing method: getAllTours
2025-02-10 15:17:12 INFO  LoggingAspect:19 - Executin method: getItenaryMasterById
2025-02-10 15:17:12 INFO  LoggingAspect:19 - Executin method: getDepartureDatesByTourId
2025-02-10 15:17:12 INFO  LoggingAspect:25 - Finished executing method: getItenaryMasterById
2025-02-10 15:17:12 INFO  LoggingAspect:25 - Finished executing method: getDepartureDatesByTourId
2025-02-10 15:17:18 INFO  LoggingAspect:19 - Executin method: getCustomerDetails
2025-02-10 15:17:18 INFO  LoggingAspect:25 - Finished executing method: getCustomerDetails
2025-02-10 15:17:18 INFO  LoggingAspect:19 - Executin method: getBookingCost
2025-02-10 15:17:18 INFO  LoggingAspect:25 - Finished executing method: getBookingCost
2025-02-10 15:19:15 INFO  LoggingAspect:19 - Executin method: confirmBooking
2025-02-10 15:19:22 INFO  LoggingAspect:25 - Finished executing method: confirmBooking
2025-02-10 15:19:30 INFO  LoggingAspect:19 - Executin method: getAllCategories
2025-02-10 15:19:30 INFO  LoggingAspect:25 - Finished executing method: getAllCategories
2025-02-10 15:25:19 INFO  LoggingAspect:19 - Executin method: getAllSubcategories
2025-02-10 15:25:19 INFO  LoggingAspect:25 - Finished executing method: getAllSubcategories
2025-02-10 15:25:22 INFO  LoggingAspect:19 - Executin method: getAllCategories
2025-02-10 15:25:22 INFO  LoggingAspect:25 - Finished executing method: getAllCategories
2025-02-10 15:25:25 INFO  LoggingAspect:19 - Executin method: getAllSubcategories
2025-02-10 15:25:25 INFO  LoggingAspect:25 - Finished executing method: getAllSubcategories
2025-02-10 15:25:30 INFO  LoggingAspect:19 - Executin method: getAllTours
2025-02-10 15:25:30 INFO  LoggingAspect:25 - Finished executing method: getAllTours
2025-02-10 15:25:40 INFO  LoggingAspect:19 - Executin method: getDepartureDatesByTourId
2025-02-10 15:25:40 INFO  LoggingAspect:19 - Executin method: getItenaryMasterById
2025-02-10 15:25:40 INFO  LoggingAspect:25 - Finished executing method: getDepartureDatesByTourId
2025-02-10 15:25:40 INFO  LoggingAspect:25 - Finished executing method: getItenaryMasterById
2025-02-10 15:25:48 INFO  LoggingAspect:19 - Executin method: getItenaryMasterById
2025-02-10 15:25:48 INFO  LoggingAspect:25 - Finished executing method: getItenaryMasterById
2025-02-10 15:25:51 INFO  LoggingAspect:19 - Executin method: getItenaryMasterById
2025-02-10 15:25:51 INFO  LoggingAspect:25 - Finished executing method: getItenaryMasterById
2025-02-10 15:25:54 INFO  LoggingAspect:19 - Executin method: getItenaryMasterById
2025-02-10 15:25:54 INFO  LoggingAspect:25 - Finished executing method: getItenaryMasterById
2025-02-10 15:26:01 INFO  LoggingAspect:19 - Executin method: getItenaryMasterById
2025-02-10 15:26:01 INFO  LoggingAspect:25 - Finished executing method: getItenaryMasterById
2025-02-10 15:26:03 INFO  LoggingAspect:19 - Executin method: getCustomerDetails
2025-02-10 15:26:04 INFO  LoggingAspect:25 - Finished executing method: getCustomerDetails
2025-02-10 15:26:04 INFO  LoggingAspect:19 - Executin method: getBookingCost
2025-02-10 15:26:04 INFO  LoggingAspect:25 - Finished executing method: getBookingCost
2025-02-10 15:27:31 INFO  LoggingAspect:19 - Executin method: confirmBooking
2025-02-10 15:27:38 INFO  LoggingAspect:25 - Finished executing method: confirmBooking
2025-02-10 15:28:22 INFO  LoggingAspect:19 - Executin method: getAllCategories
2025-02-10 15:28:22 INFO  LoggingAspect:25 - Finished executing method: getAllCategories
2025-02-10 15:31:07 INFO  LoggingAspect:19 - Executin method: getAllSubcategories
2025-02-10 15:31:07 INFO  LoggingAspect:25 - Finished executing method: getAllSubcategories
2025-02-10 15:31:09 INFO  LoggingAspect:19 - Executin method: getAllTours
2025-02-10 15:31:09 INFO  LoggingAspect:25 - Finished executing method: getAllTours
2025-02-10 15:31:11 INFO  LoggingAspect:19 - Executin method: getDepartureDatesByTourId
2025-02-10 15:31:11 INFO  LoggingAspect:19 - Executin method: getItenaryMasterById
2025-02-10 15:31:11 INFO  LoggingAspect:25 - Finished executing method: getDepartureDatesByTourId
2025-02-10 15:31:11 INFO  LoggingAspect:25 - Finished executing method: getItenaryMasterById
2025-02-10 15:31:17 INFO  LoggingAspect:19 - Executin method: getCustomerDetails
2025-02-10 15:31:17 INFO  LoggingAspect:25 - Finished executing method: getCustomerDetails
2025-02-10 15:31:17 INFO  LoggingAspect:19 - Executin method: getBookingCost
2025-02-10 15:31:17 INFO  LoggingAspect:25 - Finished executing method: getBookingCost
2025-02-10 15:32:05 INFO  LoggingAspect:19 - Executin method: confirmBooking
2025-02-10 15:32:10 INFO  LoggingAspect:25 - Finished executing method: confirmBooking
2025-02-10 15:32:16 INFO  LoggingAspect:19 - Executin method: getAllCategories
2025-02-10 15:32:16 INFO  LoggingAspect:25 - Finished executing method: getAllCategories
2025-02-10 16:17:14 INFO  LoggingAspect:19 - Executin method: getAllCategories
2025-02-10 16:17:14 INFO  LoggingAspect:25 - Finished executing method: getAllCategories
2025-02-10 16:17:50 INFO  LoggingAspect:19 - Executin method: registerCustomer
2025-02-10 16:17:50 INFO  LoggingAspect:25 - Finished executing method: registerCustomer
2025-02-10 16:17:58 INFO  LoggingAspect:19 - Executin method: getAllCategories
2025-02-10 16:17:58 INFO  LoggingAspect:25 - Finished executing method: getAllCategories
2025-02-10 16:18:08 INFO  LoggingAspect:19 - Executin method: loginCustomer
2025-02-10 16:18:08 INFO  LoggingAspect:25 - Finished executing method: loginCustomer
2025-02-10 16:18:14 INFO  LoggingAspect:19 - Executin method: getAllSubcategories
2025-02-10 16:18:14 INFO  LoggingAspect:25 - Finished executing method: getAllSubcategories
2025-02-10 16:18:16 INFO  LoggingAspect:19 - Executin method: getAllTours
2025-02-10 16:18:16 INFO  LoggingAspect:25 - Finished executing method: getAllTours
2025-02-10 16:18:36 INFO  LoggingAspect:19 - Executin method: getDepartureDatesByTourId
2025-02-10 16:18:36 INFO  LoggingAspect:19 - Executin method: getItenaryMasterById
2025-02-10 16:18:36 INFO  LoggingAspect:25 - Finished executing method: getDepartureDatesByTourId
2025-02-10 16:18:36 INFO  LoggingAspect:25 - Finished executing method: getItenaryMasterById
2025-02-10 16:18:44 INFO  LoggingAspect:19 - Executin method: getItenaryMasterById
2025-02-10 16:18:44 INFO  LoggingAspect:25 - Finished executing method: getItenaryMasterById
2025-02-10 16:19:39 INFO  LoggingAspect:19 - Executin method: getCustomerDetails
2025-02-10 16:19:39 INFO  LoggingAspect:25 - Finished executing method: getCustomerDetails
2025-02-10 16:19:39 INFO  LoggingAspect:19 - Executin method: getBookingCost
2025-02-10 16:19:39 INFO  LoggingAspect:25 - Finished executing method: getBookingCost
2025-02-10 16:21:19 INFO  LoggingAspect:19 - Executin method: confirmBooking
2025-02-10 16:21:21 INFO  LoggingAspect:19 - Executin method: confirmBooking
2025-02-10 16:21:25 INFO  LoggingAspect:25 - Finished executing method: confirmBooking
2025-02-10 16:21:26 INFO  LoggingAspect:19 - Executin method: getAllCategories
2025-02-10 16:21:26 INFO  LoggingAspect:25 - Finished executing method: confirmBooking
2025-02-10 16:21:26 INFO  LoggingAspect:25 - Finished executing method: getAllCategories
2025-02-10 16:21:31 INFO  LoggingAspect:19 - Executin method: getItenaryMasterById
2025-02-10 16:21:31 INFO  LoggingAspect:25 - Finished executing method: getItenaryMasterById
2025-02-10 16:21:35 INFO  LoggingAspect:19 - Executin method: getItenaryMasterById
2025-02-10 16:21:35 INFO  LoggingAspect:25 - Finished executing method: getItenaryMasterById
2025-02-10 16:21:37 INFO  LoggingAspect:19 - Executin method: getCustomerDetails
2025-02-10 16:21:37 INFO  LoggingAspect:25 - Finished executing method: getCustomerDetails
2025-02-10 16:30:12 INFO  LoggingAspect:19 - Executin method: getAllCategories
2025-02-10 16:30:12 INFO  LoggingAspect:25 - Finished executing method: getAllCategories
2025-02-10 16:33:13 INFO  LoggingAspect:19 - Executin method: getItenaryMasterById
2025-02-10 16:33:13 INFO  LoggingAspect:25 - Finished executing method: getItenaryMasterById
2025-02-10 16:33:58 INFO  LoggingAspect:19 - Executin method: getItenaryMasterById
2025-02-10 16:33:58 INFO  LoggingAspect:25 - Finished executing method: getItenaryMasterById
2025-02-10 16:34:10 INFO  LoggingAspect:19 - Executin method: getItenaryMasterById
2025-02-10 16:34:10 INFO  LoggingAspect:25 - Finished executing method: getItenaryMasterById
2025-02-10 16:34:15 INFO  LoggingAspect:19 - Executin method: getItenaryMasterById
2025-02-10 16:34:15 INFO  LoggingAspect:25 - Finished executing method: getItenaryMasterById
2025-02-10 16:34:37 INFO  LoggingAspect:19 - Executin method: getItenaryMasterById
2025-02-10 16:34:37 INFO  LoggingAspect:25 - Finished executing method: getItenaryMasterById
2025-02-10 16:47:41 INFO  LoggingAspect:19 - Executin method: getAllCategories
2025-02-10 16:47:42 INFO  LoggingAspect:25 - Finished executing method: getAllCategories
2025-02-10 16:52:05 INFO  LoggingAspect:19 - Executin method: getAllSubcategories
2025-02-10 16:52:05 INFO  LoggingAspect:25 - Finished executing method: getAllSubcategories
2025-02-10 16:52:08 INFO  LoggingAspect:19 - Executin method: getAllTours
2025-02-10 16:52:08 INFO  LoggingAspect:25 - Finished executing method: getAllTours
2025-02-10 16:52:09 INFO  LoggingAspect:19 - Executin method: getDepartureDatesByTourId
2025-02-10 16:52:09 INFO  LoggingAspect:19 - Executin method: getItenaryMasterById
2025-02-10 16:52:09 INFO  LoggingAspect:25 - Finished executing method: getDepartureDatesByTourId
2025-02-10 16:52:09 INFO  LoggingAspect:25 - Finished executing method: getItenaryMasterById
2025-02-10 16:52:17 INFO  LoggingAspect:19 - Executin method: getItenaryMasterById
2025-02-10 16:52:17 INFO  LoggingAspect:25 - Finished executing method: getItenaryMasterById
2025-02-10 16:52:21 INFO  LoggingAspect:19 - Executin method: getCustomerDetails
2025-02-10 16:52:21 INFO  LoggingAspect:25 - Finished executing method: getCustomerDetails
2025-02-10 16:52:21 INFO  LoggingAspect:19 - Executin method: getBookingCost
2025-02-10 16:52:21 INFO  LoggingAspect:25 - Finished executing method: getBookingCost
2025-02-10 16:57:52 INFO  LoggingAspect:19 - Executin method: getAllCategories
2025-02-10 16:57:52 INFO  LoggingAspect:25 - Finished executing method: getAllCategories
2025-02-10 16:58:01 INFO  LoggingAspect:19 - Executin method: getItenaryMasterById
2025-02-10 16:58:01 INFO  LoggingAspect:25 - Finished executing method: getItenaryMasterById
2025-02-10 16:58:05 INFO  LoggingAspect:19 - Executin method: getCustomerDetails
2025-02-10 16:58:05 INFO  LoggingAspect:25 - Finished executing method: getCustomerDetails
2025-02-10 16:58:09 INFO  LoggingAspect:19 - Executin method: getAllCategories
2025-02-10 16:58:09 INFO  LoggingAspect:25 - Finished executing method: getAllCategories
